<?xml version="1.0" encoding="UTF-8"?>
<!-- Generated by org.testng.reporters.JUnitReportReporter -->
<testsuite skipped="0" hostname="DESKTOP-Q0AK0O5" name="framework_testng.Invacation" tests="15" failures="0" timestamp="2021-04-09T15:45:13 IST" time="106.945" errors="0">
  <testcase name="drop_down" time="5.545" classname="framework_testng.Invacation"/>
  <system-out/>
  <testcase name="drop_down" time="7.070" classname="framework_testng.Invacation"/>
  <system-out/>
  <testcase name="drop_down" time="5.810" classname="framework_testng.Invacation"/>
  <system-out/>
  <testcase name="drop_down" time="5.773" classname="framework_testng.Invacation"/>
  <system-out/>
  <testcase name="drop_down" time="8.137" classname="framework_testng.Invacation"/>
  <system-out/>
  <testcase name="drop_down" time="5.026" classname="framework_testng.Invacation"/>
  <system-out/>
  <testcase name="drop_down" time="5.239" classname="framework_testng.Invacation"/>
  <system-out/>
  <testcase name="drop_down" time="5.724" classname="framework_testng.Invacation"/>
  <system-out/>
  <testcase name="drop_down" time="5.889" classname="framework_testng.Invacation"/>
  <system-out/>
  <testcase name="drop_down" time="7.293" classname="framework_testng.Invacation"/>
  <system-out/>
  <testcase name="drop_down" time="4.387" classname="framework_testng.Invacation"/>
  <system-out/>
  <testcase name="drop_down" time="7.646" classname="framework_testng.Invacation"/>
  <system-out/>
  <testcase name="drop_down" time="5.665" classname="framework_testng.Invacation"/>
  <system-out/>
  <testcase name="drop_down" time="6.704" classname="framework_testng.Invacation"/>
  <system-out/>
  <testcase name="drop_down" time="21.037" classname="framework_testng.Invacation"/>
  <system-out/>
</testsuite> <!-- framework_testng.Invacation -->
