<?xml version="1.0" encoding="UTF-8"?>
<!-- Generated by org.testng.reporters.JUnitReportReporter -->
<testsuite skipped="0" hostname="DESKTOP-Q0AK0O5" name="framework_testng.Run_data" tests="4" failures="0" timestamp="2021-04-09T23:25:35 IST" time="0.027" errors="0">
  <testcase name="use_outside" time="0.006" classname="framework_testng.Run_data"/>
  <system-out>
smarttv inches45 65000  </system-out>
  <testcase name="use_outside" time="0.012" classname="framework_testng.Run_data"/>
  <system-out>
LG inches55 50000  </system-out>
  <testcase name="use_outside" time="0.007" classname="framework_testng.Run_data"/>
  <system-out>
Samsung inches45 45000  </system-out>
  <testcase name="use_outside" time="0.002" classname="framework_testng.Run_data"/>
  <system-out>
sony inches55 55000  </system-out>
</testsuite> <!-- framework_testng.Run_data -->
