<?xml version="1.0" encoding="UTF-8"?>
<!-- Generated by org.testng.reporters.JUnitReportReporter -->
<testsuite skipped="0" hostname="DESKTOP-Q0AK0O5" name="framework_testng.Dataprovider" tests="7" failures="0" timestamp="2021-04-09T22:46:18 IST" time="0.047" errors="0">
  <testcase name="use_outside" time="0.016" classname="framework_testng.Dataprovider"/>
  <system-out>
Samsung inches45 45000  </system-out>
  <testcase name="Data" time="0.000" classname="framework_testng.Dataprovider"/>
  <system-out>
kushithviyan@gmail.com kushu14  </system-out>
  <testcase name="Data" time="0.015" classname="framework_testng.Dataprovider"/>
  <system-out>
hasvithkaushal@gmail.com hassu05  </system-out>
  <testcase name="Data" time="0.016" classname="framework_testng.Dataprovider"/>
  <system-out>
venkatesh.perumala@gmail.com venkat02  </system-out>
  <testcase name="use_outside" time="0.000" classname="framework_testng.Dataprovider"/>
  <system-out>
sony inches55 55000  </system-out>
  <testcase name="use_outside" time="0.000" classname="framework_testng.Dataprovider"/>
  <system-out>
LG inches55 50000  </system-out>
  <testcase name="use_outside" time="0.000" classname="framework_testng.Dataprovider"/>
  <system-out>
smarttv inches45 65000  </system-out>
</testsuite> <!-- framework_testng.Dataprovider -->
