<?xml version="1.0" encoding="UTF-8"?>
<!-- Generated by org.testng.reporters.JUnitReportReporter -->
<testsuite skipped="0" hostname="DESKTOP-Q0AK0O5" name="reports.With_webdriver" tests="2" failures="0" timestamp="2021-04-16T19:12:34 IST" time="11.333" errors="0">
  <testcase name="invalid_login" time="1.906" classname="reports.With_webdriver"/>
  <system-out/>
  <testcase name="valid_login" time="9.427" classname="reports.With_webdriver"/>
  <system-out/>
</testsuite> <!-- reports.With_webdriver -->
