<?xml version="1.0" encoding="UTF-8"?>
<!-- Generated by org.testng.reporters.JUnitReportReporter -->
<testsuite skipped="0" hostname="DESKTOP-Q0AK0O5" name="framework_testng.My_TestNG" tests="2" failures="0" timestamp="2021-04-16T18:14:19 IST" time="19.009" errors="0">
  <testcase name="Tc002" time="12.952" classname="framework_testng.My_TestNG"/>
  <system-out>
Testcase2 executed  </system-out>
  <testcase name="Tc001" time="6.057" classname="framework_testng.My_TestNG"/>
  <system-out>
Testcase1 executed  </system-out>
</testsuite> <!-- framework_testng.My_TestNG -->
