<?xml version="1.0" encoding="UTF-8"?>
<!-- Generated by org.testng.reporters.JUnitReportReporter -->
<testsuite skipped="0" hostname="DESKTOP-Q0AK0O5" name="framework_testng.Link_depend" tests="3" failures="0" timestamp="2021-04-16T18:22:35 IST" time="18.100" errors="0">
  <testcase name="messenger" time="4.677" classname="framework_testng.Link_depend"/>
  <system-out/>
  <testcase name="log_in_page" time="4.681" classname="framework_testng.Link_depend"/>
  <system-out>
Log in to Facebook  </system-out>
  <testcase name="sign_up_page" time="8.742" classname="framework_testng.Link_depend"/>
  <system-out/>
</testsuite> <!-- framework_testng.Link_depend -->
