<?xml version="1.0" encoding="UTF-8"?>
<!-- Generated by org.testng.reporters.JUnitReportReporter -->
<testsuite skipped="0" hostname="DESKTOP-Q0AK0O5" name="framework_testng.Venki_TestNG" tests="3" failures="0" timestamp="2021-04-09T16:18:26 IST" time="0.002" errors="0">
  <testcase name="tc001" time="0.002" classname="framework_testng.Venki_TestNG"/>
  <system-out>
TC001 executed  </system-out>
  <testcase name="tc002" time="0.000" classname="framework_testng.Venki_TestNG"/>
  <system-out>
TC002 executed  </system-out>
  <testcase name="tc003" time="0.000" classname="framework_testng.Venki_TestNG"/>
  <system-out>
TC003 executed  </system-out>
</testsuite> <!-- framework_testng.Venki_TestNG -->
